<?xml version="1.0" encoding="UTF-8"?>
<testng-results ignored="0" total="1" passed="1" failed="0" skipped="0">
  <reporter-output>
  </reporter-output>
  <suite started-at="2024-10-27T20:09:40 IST" name="Default suite" finished-at="2024-10-27T20:09:51 IST" duration-ms="11901">
    <groups>
    </groups>
    <test started-at="2024-10-27T20:09:40 IST" name="Default test" finished-at="2024-10-27T20:09:51 IST" duration-ms="11901">
      <class name="automationScenarios.InstallExternalApkAndLaunch">
        <test-method is-config="true" signature="SetUp()[pri:0, instance:automationScenarios.InstallExternalApkAndLaunch@5a56cdac]" started-at="2024-10-27T20:09:40 IST" name="SetUp" finished-at="2024-10-27T20:09:50 IST" duration-ms="10657" status="PASS">
          <reporter-output>
          </reporter-output>
        </test-method> <!-- SetUp -->
        <test-method signature="clickApp()[pri:0, instance:automationScenarios.InstallExternalApkAndLaunch@5a56cdac]" started-at="2024-10-27T20:09:50 IST" name="clickApp" finished-at="2024-10-27T20:09:51 IST" duration-ms="862" status="PASS">
          <reporter-output>
          </reporter-output>
        </test-method> <!-- clickApp -->
        <test-method is-config="true" signature="tearDown()[pri:0, instance:automationScenarios.InstallExternalApkAndLaunch@5a56cdac]" started-at="2024-10-27T20:09:51 IST" name="tearDown" finished-at="2024-10-27T20:09:51 IST" duration-ms="354" status="PASS">
          <reporter-output>
          </reporter-output>
        </test-method> <!-- tearDown -->
      </class> <!-- automationScenarios.InstallExternalApkAndLaunch -->
    </test> <!-- Default test -->
  </suite> <!-- Default suite -->
</testng-results>
